<?xml version="1.0" encoding="UTF-8"?>
<testsuites>
  <testsuite name="BackstopJS" tests="254" failures="1" errors="1" skipped="0">
    <testcase classname="document" name=" ›› atoms_alert-types"/>
    <testcase classname="document" name=" ›› atoms_alert"/>
    <testcase classname="document" name=" ›› atoms_button-secondary-states"/>
    <testcase classname="document" name=" ›› atoms_button-secondary"/>
    <testcase classname="document" name=" ›› atoms_button-sizes"/>
    <testcase classname="document" name=" ›› atoms_button-states"/>
    <testcase classname="document" name=" ›› atoms_button"/>
    <testcase classname="document" name=" ›› atoms_checkbox-inline"/>
    <testcase classname="document" name=" ›› atoms_checkbox-states"/>
    <testcase classname="document" name=" ›› atoms_checkbox"/>
    <testcase classname="document" name=" ›› atoms_collapse-header"/>
    <testcase classname="document" name=" ›› atoms_collapse-partial"/>
    <testcase classname="document" name=" ›› atoms_collapse-title"/>
    <testcase classname="document" name=" ›› atoms_collapse"/>
    <testcase classname="document" name=" ›› atoms_definition-list-grid"/>
    <testcase classname="document" name=" ›› atoms_definition-list"/>
    <testcase classname="document" name=" ›› atoms_drawer"/>
    <testcase classname="document" name=" ›› atoms_dropdown"/>
    <testcase classname="document" name=" ›› atoms_favicon"/>
    <testcase classname="document" name=" ›› atoms_figure"/>
    <testcase classname="document" name=" ›› atoms_icon-list-feather"/>
    <testcase classname="document" name=" ›› atoms_icon-list"/>
    <testcase classname="document" name=" ›› atoms_icon"/>
    <testcase classname="document" name=" ›› atoms_input-disabled"/>
    <testcase classname="document" name=" ›› atoms_input-error"/>
    <testcase classname="document" name=" ›› atoms_input-focus"/>
    <testcase classname="document" name=" ›› atoms_input-hover"/>
    <testcase classname="document" name=" ›› atoms_input-value"/>
    <testcase classname="document" name=" ›› atoms_input"/>
    <testcase classname="document" name=" ›› atoms_link-icon"/>
    <testcase classname="document" name=" ›› atoms_link-login"/>
    <testcase classname="document" name=" ›› atoms_link"/>
    <testcase classname="document" name=" ›› atoms_list-inline"/>
    <testcase classname="document" name=" ›› atoms_list-ordered"/>
    <testcase classname="document" name=" ›› atoms_list-unordered"/>
    <testcase classname="document" name=" ›› atoms_list-unstyled"/>
    <testcase classname="document" name=" ›› atoms_list"/>
    <testcase classname="document" name=" ›› atoms_loader"/>
    <testcase classname="document" name=" ›› atoms_nav-lang-short"/>
    <testcase classname="document" name=" ›› atoms_nav-lang"/>
    <testcase classname="document" name=" ›› atoms_nav-toggle-async"/>
    <testcase classname="document" name=" ›› atoms_nav-toggle"/>
    <testcase classname="document" name=" ›› atoms_nav-toggle-mobile"/>
    <testcase classname="document" name=" ›› atoms_picture-avatar"/>
    <testcase classname="document" name=" ›› atoms_picture-cover"/>
    <testcase classname="document" name=" ›› atoms_picture-news-thumb"/>
    <testcase classname="document" name=" ›› atoms_picture-one-third-square"/>
    <testcase classname="document" name=" ›› atoms_picture-one-third"/>
    <testcase classname="document" name=" ›› atoms_picture-portrait"/>
    <testcase classname="document" name=" ›› atoms_picture-question"/>
    <testcase classname="document" name=" ›› atoms_picture-thumb-square"/>
    <testcase classname="document" name=" ›› atoms_picture"/>
    <testcase classname="document" name=" ›› atoms_popover"/>
    <testcase classname="document" name=" ›› atoms_radio-inline"/>
    <testcase classname="document" name=" ›› atoms_radio-list"/>
    <testcase classname="document" name=" ›› atoms_radio"/>
    <testcase classname="document" name=" ›› atoms_range"/>
    <testcase classname="document" name=" ›› atoms_select-multiple"/>
    <testcase classname="document" name=" ›› atoms_select"/>
    <testcase classname="document" name=" ›› atoms_separator"/>
    <testcase classname="document" name=" ›› atoms_social-icon-discrete-link"/>
    <testcase classname="document" name=" ›› atoms_social-icon-group"/>
    <testcase classname="document" name=" ›› atoms_social-icon-link-group"/>
    <testcase classname="document" name=" ›› atoms_social-icon-link"/>
    <testcase classname="document" name=" ›› atoms_social-icon-negative-link"/>
    <testcase classname="document" name=" ›› atoms_social-icon-negative"/>
    <testcase classname="document" name=" ›› atoms_social-icon-round-discrete-link"/>
    <testcase classname="document" name=" ›› atoms_social-icon-round-link"/>
    <testcase classname="document" name=" ›› atoms_social-icon-round"/>
    <testcase classname="document" name=" ›› atoms_social-icon-single-link-with-details"/>
    <testcase classname="document" name=" ›› atoms_social-icon-single-link"/>
    <testcase classname="document" name=" ›› atoms_social-icon-single"/>
    <testcase classname="document" name=" ›› atoms_social-icon"/>
    <testcase classname="document" name=" ›› atoms_tag-input"/>
    <testcase classname="document" name=" ›› atoms_tag"/>
    <testcase classname="document" name=" ›› atoms_trapeze-horizontal"/>
    <testcase classname="document" name=" ›› atoms_trapeze-pseudo"/>
    <testcase classname="document" name=" ›› atoms_trapeze"/>
    <testcase classname="document" name=" ›› atoms_upload"/>
    <testcase classname="document" name=" ›› atoms_video"/>
    <testcase classname="document" name=" ›› content-types_association"/>
    <testcase classname="document" name=" ›› content-types_bachelor-project"/>
    <testcase classname="document" name=" ›› content-types_basic-page-highlighted"/>
    <testcase classname="document" name=" ›› content-types_basic-page"/>
    <testcase classname="document" name=" ›› content-types_coursebook-legend"/>
    <testcase classname="document" name=" ›› content-types_coursebook-program"/>
    <testcase classname="document" name=" ›› content-types_coursebook"/>
    <testcase classname="document" name=" ›› content-types_cursus"/>
    <testcase classname="document" name=" ›› content-types_event-highlight-listing"/>
    <testcase classname="document" name=" ›› content-types_event-highlight"/>
    <testcase classname="document" name=" ›› content-types_event-invitation"/>
    <testcase classname="document" name=" ›› content-types_event-just-finished"/>
    <testcase classname="document" name=" ›› content-types_event-listing"/>
    <testcase classname="document" name=" ›› content-types_event-wrapper"/>
    <testcase classname="document" name=" ›› content-types_event"/>
    <testcase classname="document" name=" ›› content-types_institute"/>
    <testcase classname="document" name=" ›› content-types_laboratory"/>
    <testcase classname="document" name=" ›› content-types_news-basic-teaser"/>
    <testcase classname="document" name=" ›› content-types_news-distinction"/>
    <testcase classname="document" name=" ›› content-types_news-highlighted-carousel"/>
    <testcase classname="document" name=" ›› content-types_news-highlighted"/>
    <testcase classname="document" name=" ›› content-types_news-latest-two"/>
    <testcase classname="document" name=" ›› content-types_news-press-release"/>
    <testcase classname="document" name=" ›› content-types_news"/>
    <testcase classname="document" name=" ›› content-types_press-review"/>
    <testcase classname="document" name=" ›› content-types_program"/>
    <testcase classname="document" name=" ›› content-types_project"/>
    <testcase classname="document" name=" ›› content-types_project-list"/>
    <testcase classname="document" name=" ›› content-types_publication"/>
    <testcase classname="document" name=" ›› content-types_research-field"/>
    <testcase classname="document" name=" ›› content-types_research-project"/>
    <testcase classname="document" name=" ›› content-types_school"/>
    <testcase classname="document" name=" ›› content-types_science-question"/>
    <testcase classname="document" name=" ›› content-types_section"/>
    <testcase classname="document" name=" ›› content-types_study-plan-bachelor"/>
    <testcase classname="document" name=" ›› content-types_study-plan-master"/>
    <testcase classname="document" name=" ›› content-types_study-plan-mineur"/>
    <testcase classname="document" name=" ›› content-types_study-plan"/>
    <testcase classname="document" name=" ›› content-types_training"/>
    <testcase classname="document" name=" ›› molecules_access-nav"/>
    <testcase classname="document" name=" ›› molecules_avatar-teaser-multiple"/>
    <testcase classname="document" name=" ›› molecules_avatar-teaser"/>
    <testcase classname="document" name=" ›› molecules_breadcrumb-tagged"/>
    <testcase classname="document" name=" ›› molecules_breadcrumb"/>
    <testcase classname="document" name=" ›› molecules_card-inside-links"/>
    <testcase classname="document" name=" ›› molecules_card-link"/>
    <testcase classname="document" name=" ›› molecules_card"/>
    <testcase classname="document" name=" ›› molecules_card-deck-duo-gray"/>
    <testcase classname="document" name=" ›› molecules_card-deck-duo"/>
    <testcase classname="document" name=" ›› molecules_card-deck-link-duo-gray"/>
    <testcase classname="document" name=" ›› molecules_card-deck-link-duo"/>
    <testcase classname="document" name=" ›› molecules_card-deck-link-single-gray"/>
    <testcase classname="document" name=" ›› molecules_card-deck-link-single"/>
    <testcase classname="document" name=" ›› molecules_card-deck-mini-cards"/>
    <testcase classname="document" name=" ›› molecules_card-deck-single-gray"/>
    <testcase classname="document" name=" ›› molecules_card-deck-single"/>
    <testcase classname="document" name=" ›› molecules_card-deck"/>
    <testcase classname="document" name=" ›› molecules_carousel-base"/>
    <testcase classname="document" name=" ›› molecules_carousel"/>
    <testcase classname="document" name=" ›› molecules_collapse-group-people-contacts"/>
    <testcase classname="document" name=" ›› molecules_collapse-group-rich-content"/>
    <testcase classname="document" name=" ›› molecules_collapse-group"/>
    <testcase classname="document" name=" ›› molecules_cover"/>
    <testcase classname="document" name=" ›› molecules_datepicker-fancy"/>
    <testcase classname="document" name=" ›› molecules_datepicker"/>
    <testcase classname="document" name=" ›› molecules_filters-blog"/>
    <testcase classname="document" name=" ›› molecules_filters"/>
    <testcase classname="document" name=" ›› molecules_footnotes"/>
    <testcase classname="document" name=" ›› molecules_form-group-checkboxes"/>
    <testcase classname="document" name=" ›› molecules_form-group-error"/>
    <testcase classname="document" name=" ›› molecules_form-group-radio"/>
    <testcase classname="document" name=" ›› molecules_form-group-select"/>
    <testcase classname="document" name=" ›› molecules_form-group-textarea"/>
    <testcase classname="document" name=" ›› molecules_form-group-upload"/>
    <testcase classname="document" name=" ›› molecules_form-group"/>
    <testcase classname="document" name=" ›› molecules_gallery"/>
    <testcase classname="document" name=" ›› molecules_key-number-large"/>
    <testcase classname="document" name=" ›› molecules_key-number"/>
    <testcase classname="document" name=" ›› molecules_links-group-teaser"/>
    <testcase classname="document" name=" ›› molecules_links-group"/>
    <testcase classname="document" name=" ›› molecules_list-group-borderless"/>
    <testcase classname="document" name=" ›› molecules_list-group-infoscience"/>
    <testcase classname="document" name=" ›› molecules_list-group-teasers"/>
    <testcase classname="document" name=" ›› molecules_list-group"/>
    <testcase classname="document" name=" ›› molecules_map"/>
    <testcase classname="document" name=" ›› molecules_metabox"/>
    <testcase classname="document" name=" ›› molecules_pagination-center"/>
    <testcase classname="document" name=" ›› molecules_pagination-load-more"/>
    <testcase classname="document" name=" ›› molecules_pagination"/>
    <testcase classname="document" name=" ›› molecules_question"/>
    <testcase classname="document" name=" ›› molecules_quote"/>
    <testcase classname="document" name=" ›› molecules_search-mobile"/>
    <testcase classname="document" name=" ›› molecules_search"/>
    <testcase classname="document" name=" ›› molecules_share-light"/>
    <testcase classname="document" name=" ›› molecules_share"/>
    <testcase classname="document" name=" ›› molecules_sidenotes"/>
    <testcase classname="document" name=" ›› molecules_social-feed-facebook"/>
    <testcase classname="document" name=" ›› molecules_social-feed-instagram"/>
    <testcase classname="document" name=" ›› molecules_social-feed"/>
    <testcase classname="document" name=" ›› molecules_sponsor"/>
    <testcase classname="document" name=" ›› molecules_tables-boxed-sortable"/>
    <testcase classname="document" name=" ›› molecules_tables-boxed"/>
    <testcase classname="document" name=" ›› molecules_tables-sortable"/>
    <testcase classname="document" name=" ›› molecules_tables"/>
    <testcase classname="document" name=" ›› molecules_tabs-light"/>
    <testcase classname="document" name=" ›› molecules_tabs-vertical"/>
    <testcase classname="document" name=" ›› molecules_tabs"/>
    <testcase classname="document" name=" ›› organisms_card-slider"/>
    <testcase classname="document" name=" ›› organisms_contact-banner"/>
    <testcase classname="document" name=" ›› organisms_contact-columns"/>
    <testcase classname="document" name=" ›› organisms_contact-compact-for-columns"/>
    <testcase classname="document" name=" ›› organisms_contact-compact"/>
    <testcase classname="document" name=" ›› organisms_contact-list"/>
    <testcase classname="document" name=" ›› organisms_contact"/>
    <testcase classname="document" name=" ›› organisms_cookie-consent"/>
    <testcase classname="document" name=" ›› organisms_faq"/>
    <testcase classname="document" name=" ›› organisms_footer-buttons"/>
    <testcase classname="document" name=" ›› organisms_footer-col"/>
    <testcase classname="document" name=" ›› organisms_footer-dark"/>
    <testcase classname="document" name=" ›› organisms_footer-de"/>
    <testcase classname="document" name=" ›› organisms_footer-en"/>
    <testcase classname="document" name=" ›› organisms_footer-faculties"/>
    <testcase classname="document" name=" ›› organisms_footer-legal"/>
    <testcase classname="document" name=" ›› organisms_footer-light-dark"/>
    <testcase classname="document" name=" ›› organisms_footer-light-de"/>
    <testcase classname="document" name=" ›› organisms_footer-light-en"/>
    <testcase classname="document" name=" ›› organisms_footer-light"/>
    <testcase classname="document" name=" ›› organisms_footer-socials"/>
    <testcase classname="document" name=" ›› organisms_footer"/>
    <testcase classname="document" name=" ›› organisms_form"/>
    <testcase classname="document" name=" ›› organisms_fullwidth-teaser-horizontal"/>
    <testcase classname="document" name=" ›› organisms_fullwidth-teaser-left"/>
    <testcase classname="document" name=" ›› organisms_fullwidth-teaser"/>
    <testcase classname="document" name=" ›› organisms_header-de"/>
    <testcase classname="document" name=" ›› organisms_header-en"/>
    <testcase classname="document" name=" ›› organisms_header-fr"/>
    <testcase classname="document" name=" ›› organisms_header-light"/>
    <testcase classname="document" name=" ›› organisms_header"/>
    <testcase classname="document" name=" ›› organisms_headlines"/>
    <testcase classname="document" name=" ›› organisms_hero-legend"/>
    <testcase classname="document" name=" ›› organisms_hero"/>
    <testcase classname="document" name=" ›› organisms_introduction-gray"/>
    <testcase classname="document" name=" ›› organisms_introduction"/>
    <testcase classname="document" name=" ›› organisms_key-number-group"/>
    <testcase classname="document" name=" ›› organisms_modal"/>
    <testcase classname="document" name=" ›› organisms_nav-aside"/>
    <testcase classname="document" name=" ›› organisms_nav-main"/>
    <testcase classname="document" name=" ›› organisms_newsletter-sign-up"/>
    <testcase classname="document" name=" ›› organisms_restauration"/>
    <testcase classname="document" name=" ›› organisms_social-feed-group"/>
    <testcase classname="document" name=" ›› pages_about"/>
    <testcase classname="document" name=" ›› pages_association-homepage"/>
    <testcase classname="document" name=" ›› pages_association-list"/>
    <testcase classname="document" name=" ›› pages_basic-page"/>
    <testcase classname="document" name=" ›› pages_blog-homepage"/>
    <testcase classname="document" name=" ›› pages_blog-single"/>
    <testcase classname="document" name=" ›› pages_campus"/>
    <testcase classname="document" name=" ›› pages_education"/>
    <testcase classname="document" name=" ›› pages_event-detail"/>
    <testcase classname="document" name=" ›› pages_event-homepage"/>
    <testcase classname="document" name=" ›› pages_event-list"/>
    <testcase classname="document" name=" ›› pages_facultes">
      <failure message="Design deviation ›› pages_facultes (document) component"/>
      <error message="Design deviation ›› pages_facultes (document) component"/>
    </testcase>
    <testcase classname="document" name=" ›› pages_homepage"/>
    <testcase classname="document" name=" ›› pages_innovation"/>
    <testcase classname="document" name=" ›› pages_lab-homepage"/>
    <testcase classname="document" name=" ›› pages_layout-demo"/>
    <testcase classname="document" name=" ›› pages_news-detail"/>
    <testcase classname="document" name=" ›› pages_news-homepage"/>
    <testcase classname="document" name=" ›› pages_people-detail"/>
    <testcase classname="document" name=" ›› pages_people-list"/>
    <testcase classname="document" name=" ›› pages_programs"/>
    <testcase classname="document" name=" ›› pages_research"/>
    <testcase classname="document" name=" ›› pages_study-plan"/>
    <testcase classname="document" name=" ›› pages_study-plan-course"/>
  </testsuite>
</testsuites>